
Showing logs for build [32mcb-kubecd-bdd-gh-1568386653-pr-1[0m stage [32mmeta-pipeline[0m and container [32mstep-credential-initializer-db5dr[0m
{"level":"warn","ts":1568386968.4805377,"logger":"fallback-logger","caller":"logging/config.go:69","msg":"Fetch GitHub commit ID from kodata failed: \"ref: refs/heads/master\" is not a valid GitHub commit ID"}
{"level":"info","ts":1568386968.4811862,"logger":"fallback-logger","caller":"creds-init/main.go:40","msg":"Credentials initialized."}

Showing logs for build [32mcb-kubecd-bdd-gh-1568386653-pr-1[0m stage [32mmeta-pipeline[0m and container [32mstep-working-dir-initializer-sdvb5[0m
{"level":"warn","ts":1568386969.4390957,"logger":"fallback-logger","caller":"logging/config.go:69","msg":"Fetch GitHub commit ID from kodata failed: open /var/run/ko/HEAD: no such file or directory"}
{"level":"info","ts":1568386969.4435894,"logger":"fallback-logger","caller":"bash/main.go:65","msg":"Successfully executed command \"mkdir -p /workspace/source\""}

Showing logs for build [32mcb-kubecd-bdd-gh-1568386653-pr-1[0m stage [32mmeta-pipeline[0m and container [32mstep-place-tools[0m

Showing logs for build [32mcb-kubecd-bdd-gh-1568386653-pr-1[0m stage [32mmeta-pipeline[0m and container [32mstep-git-source-meta-cb-kubecd-bdd-gh-156838665-cmmsv[0m
{"level":"warn","ts":1568386974.5926702,"logger":"fallback-logger","caller":"logging/config.go:69","msg":"Fetch GitHub commit ID from kodata failed: \"ref: refs/heads/master\" is not a valid GitHub commit ID"}
{"level":"info","ts":1568386975.664527,"logger":"fallback-logger","caller":"git/git.go:102","msg":"Successfully cloned https://github.com/cb-kubecd/bdd-gh-1568386653.git @ 89d8252bd0db09991e0b16cd8d06ea22535fdaeb in path /workspace/source"}

Showing logs for build [32mcb-kubecd-bdd-gh-1568386653-pr-1[0m stage [32mmeta-pipeline[0m and container [32mstep-git-merge[0m
Using SHAs from PULL_REFS=master:89d8252bd0db09991e0b16cd8d06ea22535fdaeb,1:60ce14f29a7882f4a5bcac70e4c237d2bb8804ef
DEBUG: ran git fetch --unshallow origin 60ce14f29a7882f4a5bcac70e4c237d2bb8804ef: 89d8252bd0db09991e0b16cd8d06ea22535fdaeb: in 
DEBUG: ran git checkout master in 
DEBUG: ran git reset --hard 89d8252bd0db09991e0b16cd8d06ea22535fdaeb in 
DEBUG: ran clean --force -d . in 
DEBUG: ran git merge 60ce14f29a7882f4a5bcac70e4c237d2bb8804ef in 
Merged SHA 60ce14f29a7882f4a5bcac70e4c237d2bb8804ef with commit message 'My first PR commit' into base branch master

Showing logs for build [32mcb-kubecd-bdd-gh-1568386653-pr-1[0m stage [32mmeta-pipeline[0m and container [32mstep-merge-pull-refs[0m
DEBUG: ran git fetch origin 60ce14f29a7882f4a5bcac70e4c237d2bb8804ef: 89d8252bd0db09991e0b16cd8d06ea22535fdaeb: in 
DEBUG: Unshallowed git repo in 
DEBUG: ran git checkout master in 
DEBUG: ran git reset --hard 89d8252bd0db09991e0b16cd8d06ea22535fdaeb in 
DEBUG: ran clean --force -d . in 
DEBUG: ran git merge 60ce14f29a7882f4a5bcac70e4c237d2bb8804ef in 
Merged SHA 60ce14f29a7882f4a5bcac70e4c237d2bb8804ef with commit message 'My first PR commit' into base branch master

Showing logs for build [32mcb-kubecd-bdd-gh-1568386653-pr-1[0m stage [32mmeta-pipeline[0m and container [32mstep-create-effective-pipeline[0m
Deleting and cloning the Jenkins X versions repo
Cloning the Jenkins X versions repo https://github.com/jenkins-x/jenkins-x-versions.git with ref refs/heads/master to /builder/home/.**/jenkins-x-versions
Effective pipeline written to jenkins-x-serverless-jenkins-effective.yml

Showing logs for build [32mcb-kubecd-bdd-gh-1568386653-pr-1[0m stage [32mmeta-pipeline[0m and container [32mstep-create-tekton-crds[0m
PipelineActivity for cb-kubecd-bdd-gh-1568386653-PR-1-1
Applying changes 
upserted PipelineResource cb-kubecd-bdd-gh-1568386653-pr for the git repository https://github.com/cb-kubecd/bdd-gh-1568386653.git
upserted Task cb-kubecd-bdd-gh-1568386653-pr-from-build-pack-1
upserted Pipeline cb-kubecd-bdd-gh-1568386653-pr-1
created PipelineRun cb-kubecd-bdd-gh-1568386653-pr-1
created PipelineStructure cb-kubecd-bdd-gh-1568386653-pr-1

Showing logs for build [32mcb-kubecd-bdd-gh-1568386653-pr-1[0m stage [32mfrom-build-pack[0m and container [32mstep-credential-initializer-7qm8r[0m
{"level":"warn","ts":1568386988.4659007,"logger":"fallback-logger","caller":"logging/config.go:69","msg":"Fetch GitHub commit ID from kodata failed: \"ref: refs/heads/master\" is not a valid GitHub commit ID"}
{"level":"info","ts":1568386988.4665732,"logger":"fallback-logger","caller":"creds-init/main.go:40","msg":"Credentials initialized."}

Showing logs for build [32mcb-kubecd-bdd-gh-1568386653-pr-1[0m stage [32mfrom-build-pack[0m and container [32mstep-working-dir-initializer-5mbkg[0m
{"level":"warn","ts":1568386989.4601026,"logger":"fallback-logger","caller":"logging/config.go:69","msg":"Fetch GitHub commit ID from kodata failed: open /var/run/ko/HEAD: no such file or directory"}
{"level":"info","ts":1568386989.461756,"logger":"fallback-logger","caller":"bash/main.go:65","msg":"Successfully executed command \"mkdir -p /workspace/source /workspace/source/charts/preview\""}

Showing logs for build [32mcb-kubecd-bdd-gh-1568386653-pr-1[0m stage [32mfrom-build-pack[0m and container [32mstep-place-tools[0m

Showing logs for build [32mcb-kubecd-bdd-gh-1568386653-pr-1[0m stage [32mfrom-build-pack[0m and container [32mstep-git-source-cb-kubecd-bdd-gh-1568386653-pr-6t6jg[0m
{"level":"warn","ts":1568387052.5599768,"logger":"fallback-logger","caller":"logging/config.go:69","msg":"Fetch GitHub commit ID from kodata failed: \"ref: refs/heads/master\" is not a valid GitHub commit ID"}
{"level":"info","ts":1568387054.4572964,"logger":"fallback-logger","caller":"git/git.go:102","msg":"Successfully cloned https://github.com/cb-kubecd/bdd-gh-1568386653.git @ master in path /workspace/source"}

Showing logs for build [32mcb-kubecd-bdd-gh-1568386653-pr-1[0m stage [32mfrom-build-pack[0m and container [32mstep-git-merge[0m
Using SHAs from PULL_REFS=master:89d8252bd0db09991e0b16cd8d06ea22535fdaeb,1:60ce14f29a7882f4a5bcac70e4c237d2bb8804ef
DEBUG: ran git fetch --unshallow origin 60ce14f29a7882f4a5bcac70e4c237d2bb8804ef: 89d8252bd0db09991e0b16cd8d06ea22535fdaeb: in 
DEBUG: ran git checkout master in 
DEBUG: ran git reset --hard 89d8252bd0db09991e0b16cd8d06ea22535fdaeb in 
DEBUG: ran clean --force -d . in 
DEBUG: ran git merge 60ce14f29a7882f4a5bcac70e4c237d2bb8804ef in 
Merged SHA 60ce14f29a7882f4a5bcac70e4c237d2bb8804ef with commit message 'My first PR commit' into base branch master

Showing logs for build [32mcb-kubecd-bdd-gh-1568386653-pr-1[0m stage [32mfrom-build-pack[0m and container [32mstep-build-make-linux[0m
CGO_ENABLED=0 GOOS=linux GOARCH=amd64 GO15VENDOREXPERIMENT=1 go build -ldflags '' -o bin/bdd-gh-1568386653 main.go

Showing logs for build [32mcb-kubecd-bdd-gh-1568386653-pr-1[0m stage [32mfrom-build-pack[0m and container [32mstep-build-container-build[0m
[36mINFO[0m[0000] No base image, nothing to extract            
[36mINFO[0m[0000] cmd: EXPOSE                                  
[36mINFO[0m[0000] Adding exposed port: 8080/tcp                
[36mINFO[0m[0000] Using files from context: [/workspace/source/bin] 
[36mINFO[0m[0000] Skipping unpacking as no commands require it. 
[36mINFO[0m[0000] Taking snapshot of full filesystem...        
[36mINFO[0m[0000] EXPOSE 8080                                  
[36mINFO[0m[0000] cmd: EXPOSE                                  
[36mINFO[0m[0000] Adding exposed port: 8080/tcp                
[36mINFO[0m[0000] No files changed in this command, skipping snapshotting. 
[36mINFO[0m[0000] ENTRYPOINT ["/bdd-gh-1568386653"]            
[36mINFO[0m[0000] No files changed in this command, skipping snapshotting. 
[36mINFO[0m[0000] Using files from context: [/workspace/source/bin] 
[36mINFO[0m[0000] COPY ./bin/ /                                
[36mINFO[0m[0000] Taking snapshot of files...                  
2019/09/13 15:04:28 pushed blob: sha256:1d8d7c1264b74c6f2601e1428b4cf471ef5c59e87a6b39937ec26f0bdfc565bd
2019/09/13 15:04:28 pushed blob: sha256:25884ae0be06cb4750219860d19c7149b787cc071288a0d48c9d73237fd7d906
2019/09/13 15:04:30 gcr.io/jenkins-x-bdd3/bdd-gh-1568386653:0.0.0-SNAPSHOT-PR-1-1: digest: sha256:65d4da1e8a976cb7084cf7fb6f3e791063c4735a3207ff0f792a980d7f8febbe size: 428

Showing logs for build [32mcb-kubecd-bdd-gh-1568386653-pr-1[0m stage [32mfrom-build-pack[0m and container [32mstep-postbuild-post-build[0m
no CVE provider running in the current ** namespace so skip adding image to be analysed

Showing logs for build [32mcb-kubecd-bdd-gh-1568386653-pr-1[0m stage [32mfrom-build-pack[0m and container [32mstep-promote-make-preview[0m
sed -i -e "s/version:.*/version: 0.0.0-SNAPSHOT-PR-1-1/" Chart.yaml
sed -i -e "s/version:.*/version: 0.0.0-SNAPSHOT-PR-1-1/" ../*/Chart.yaml
sed -i -e "s|repository:.*|repository: gcr.io\/jenkins-x-bdd3\/bdd-gh-1568386653|" values.yaml
sed -i -e "s/tag:.*/tag: 0.0.0-SNAPSHOT-PR-1-1/" values.yaml
echo "  version: 0.0.0-SNAPSHOT-PR-1-1" >> requirements.yaml
** step helm build
WARNING: No $CHART_REPOSITORY defined so using the default value of: http://jenkins-x-chartmuseum:8080
Adding missing Helm repo: storage.googleapis.com https://storage.googleapis.com/chartmuseum.jenkins-x.io
Successfully added Helm repository storage.googleapis.com.
Adding missing Helm repo: jenkins-x-chartmuseum http://jenkins-x-chartmuseum:8080
Successfully added Helm repository jenkins-x-chartmuseum.
WARNING: No $CHART_REPOSITORY defined so using the default value of: http://jenkins-x-chartmuseum:8080
Adding missing Helm repo: chartmuseum.jenkins-x.io http://chartmuseum.jenkins-x.io
Successfully added Helm repository chartmuseum.jenkins-x.io.

Showing logs for build [32mcb-kubecd-bdd-gh-1568386653-pr-1[0m stage [32mfrom-build-pack[0m and container [32mstep-promote-jx-preview[0m
Creating a preview
WARNING: No author for commit: 60ce14f29a7882f4a5bcac70e4c237d2bb8804ef
Created environment cb-kubecd-bdd-gh-1568386653-pr-1
Namespace **-cb-kubecd-bdd-gh-1568386653-pr-1 created 
expose:
  Annotations:
    helm.sh/hook: post-install,post-upgrade
    helm.sh/hook-delete-policy: hook-succeeded
  config:
    domain: 34.76.235.230.nip.io
    exposer: Ingress
    http: "true"
preview:
  image:
    repository: gcr.io/jenkins-x-bdd3/bdd-gh-1568386653
    tag: 0.0.0-SNAPSHOT-PR-1-1
Deleting and cloning the Jenkins X versions repo
Cloning the Jenkins X versions repo https://github.com/jenkins-x/jenkins-x-versions.git with ref refs/heads/master to /builder/home/.**/jenkins-x-versions


Updating PipelineActivities cb-kubecd-bdd-gh-1568386653-pr-1-1 which has status Running
WARNING: preview application http://bdd-gh-1568386653.**-cb-kubecd-bdd-gh-1568386653-pr-1.34.76.235.230.nip.io not available, error was 503 503 Service Temporarily Unavailable, delaying for: 1.252573036s
WARNING: preview application http://bdd-gh-1568386653.**-cb-kubecd-bdd-gh-1568386653-pr-1.34.76.235.230.nip.io not available, error was 503 503 Service Temporarily Unavailable, delaying for: 1.795078749s
Preview application is now available at: http://bdd-gh-1568386653.**-cb-kubecd-bdd-gh-1568386653-pr-1.34.76.235.230.nip.io
